Deposited 200 to savings1
Withdrew 100 from savings1
Deposited 200 to checking1
Withdrew 100 from checking1
Deposited 200 to business1
Withdrew 100 from business1
Deposited 200 to credit1
Withdrew 100 from credit1
Deposited 200 to savings1
Deposited 200 to checking1
Withdrew 100 from savings1
Deposited 200 to credit1
Withdrew 100 from checking1
Deposited 200 to business1
Withdrew 100 from business1
Withdrew 100 from credit1
Deposited 200 to savings1
Withdrew 100 from savings1
Deposited 200 to checking1
Withdrew 100 from checking1
Deposited 200 to business1
Withdrew 100 from business1
Deposited 200 to credit1
Withdrew 100 from credit1
Deposited 200 to checking1
Withdrew 100 from checking1
Deposited 200 to savings1
Withdrew 100 from savings1
Deposited 200 to business1
Withdrew 100 from business1
Deposited 200 to credit1
Withdrew 100 from credit1
